<?xml version="1.0" encoding="UTF-8"?>
<!-- Generated by org.testng.reporters.JUnitXMLReporter -->
<testsuite ignored="0" hostname="DESKTOP-3MPB3BA" failures="0" tests="9" name="Test" time="147.869" errors="0" timestamp="2020-11-20T10:58:18 IST">
  <testcase classname="LMS_projects.Activity1" name="pagetitle" time="0.027"/>
  <testcase classname="LMS_projects.Activity2" name="f" time="0.109"/>
  <testcase classname="LMS_projects.Activity3" name="firstinfobox" time="5.106"/>
  <testcase classname="LMS_projects.Activity4" name="secondpopular" time="0.924"/>
  <testcase classname="LMS_projects.Activity5" name="Anotherpage" time="0.952"/>
  <testcase classname="LMS_projects.Activity6" name="Login" time="2.996"/>
  <testcase classname="LMS_projects.Activity7" name="Numberofcourses" time="1.108"/>
  <testcase classname="LMS_projects.Activity8" name="ContactUs" time="2.576"/>
  <testcase classname="LMS_projects.Activity9" name="CompleteLesson" time="6.92"/>
</testsuite> <!-- Test -->
